2017-02-24 12:51:14 TRACE  doWork called with:HanoiInputDataDTO{diskCount=2}
2017-02-24 12:51:14 TRACE  doWork finished with:HanoiOutputDataDTO{lines=[HanoiMoveDTO{diskNumber=1, fromPole=A, toPole=B}, HanoiMoveDTO{diskNumber=2, fromPole=A, toPole=C}, HanoiMoveDTO{diskNumber=1, fromPole=B, toPole=C}], poles={A=[], B=[], C=[2, 1]}}
2017-02-24 12:51:14 TRACE  doWork called with:HanoiInputDataDTO{diskCount=2}
2017-02-24 12:51:14 TRACE  doWork finished with:HanoiOutputDataDTO{lines=[HanoiMoveDTO{diskNumber=1, fromPole=A, toPole=B}, HanoiMoveDTO{diskNumber=2, fromPole=A, toPole=C}, HanoiMoveDTO{diskNumber=1, fromPole=B, toPole=C}], poles={A=[], B=[], C=[2, 1]}}
2017-02-24 12:51:14 ERROR  File not found!
2017-02-24 12:51:14 ERROR  File is empty C:\Projects\marko-edu\empty.txt
2017-02-24 12:51:14 ERROR  File problem
HanoiException{error=FILE_IS_EMPTY, msg='File is empty'} 
	at com.unycom.markoedu.FileDataReader.read(FileDataReader.java:38)
	at com.unycom.markoedu.TOHTest.testIfFileIsEmpty(TOHTest.java:188)
	at sun.reflect.NativeMethodAccessorImpl.invoke0(Native Method)
	at sun.reflect.NativeMethodAccessorImpl.invoke(NativeMethodAccessorImpl.java:62)
	at sun.reflect.DelegatingMethodAccessorImpl.invoke(DelegatingMethodAccessorImpl.java:43)
	at java.lang.reflect.Method.invoke(Method.java:498)
	at org.junit.runners.model.FrameworkMethod$1.runReflectiveCall(FrameworkMethod.java:50)
	at org.junit.internal.runners.model.ReflectiveCallable.run(ReflectiveCallable.java:12)
	at org.junit.runners.model.FrameworkMethod.invokeExplosively(FrameworkMethod.java:47)
	at org.junit.internal.runners.statements.InvokeMethod.evaluate(InvokeMethod.java:17)
	at org.junit.runners.ParentRunner.runLeaf(ParentRunner.java:325)
	at org.junit.runners.BlockJUnit4ClassRunner.runChild(BlockJUnit4ClassRunner.java:78)
	at org.junit.runners.BlockJUnit4ClassRunner.runChild(BlockJUnit4ClassRunner.java:57)
	at org.junit.runners.ParentRunner$3.run(ParentRunner.java:290)
	at org.junit.runners.ParentRunner$1.schedule(ParentRunner.java:71)
	at org.junit.runners.ParentRunner.runChildren(ParentRunner.java:288)
	at org.junit.runners.ParentRunner.access$000(ParentRunner.java:58)
	at org.junit.runners.ParentRunner$2.evaluate(ParentRunner.java:268)
	at org.junit.runners.ParentRunner.run(ParentRunner.java:363)
	at org.apache.maven.surefire.junit4.JUnit4Provider.execute(JUnit4Provider.java:252)
	at org.apache.maven.surefire.junit4.JUnit4Provider.executeTestSet(JUnit4Provider.java:141)
	at org.apache.maven.surefire.junit4.JUnit4Provider.invoke(JUnit4Provider.java:112)
	at sun.reflect.NativeMethodAccessorImpl.invoke0(Native Method)
	at sun.reflect.NativeMethodAccessorImpl.invoke(NativeMethodAccessorImpl.java:62)
	at sun.reflect.DelegatingMethodAccessorImpl.invoke(DelegatingMethodAccessorImpl.java:43)
	at java.lang.reflect.Method.invoke(Method.java:498)
	at org.apache.maven.surefire.util.ReflectionUtils.invokeMethodWithArray(ReflectionUtils.java:189)
	at org.apache.maven.surefire.booter.ProviderFactory$ProviderProxy.invoke(ProviderFactory.java:165)
	at org.apache.maven.surefire.booter.ProviderFactory.invokeProvider(ProviderFactory.java:85)
	at org.apache.maven.surefire.booter.ForkedBooter.runSuitesInProcess(ForkedBooter.java:115)
	at org.apache.maven.surefire.booter.ForkedBooter.main(ForkedBooter.java:75)
2017-02-24 12:51:14 ERROR  File not found!
2017-02-24 12:51:14 ERROR  File not found!
2017-02-24 12:51:14 TRACE  doWork called with:HanoiInputDataDTO{diskCount=2}
2017-02-24 12:51:14 TRACE  doWork finished with:HanoiOutputDataDTO{lines=[HanoiMoveDTO{diskNumber=1, fromPole=A, toPole=B}, HanoiMoveDTO{diskNumber=2, fromPole=A, toPole=C}, HanoiMoveDTO{diskNumber=1, fromPole=B, toPole=C}], poles={A=[], B=[], C=[2, 1]}}
2017-02-24 12:51:14 TRACE  doWork called with:HanoiInputDataDTO{diskCount=1}
2017-02-24 12:51:14 TRACE  doWork finished with:HanoiOutputDataDTO{lines=[HanoiMoveDTO{diskNumber=1, fromPole=A, toPole=C}], poles={A=[], C=[1]}}
2017-02-24 12:51:14 TRACE  doWork called with:HanoiInputDataDTO{diskCount=0}
2017-02-24 12:51:14 TRACE  doWork finished with:HanoiOutputDataDTO{lines=[], poles={A=[]}}
2017-02-24 12:51:14 TRACE  doWork called with:HanoiInputDataDTO{diskCount=3}
2017-02-24 12:51:14 TRACE  doWork finished with:HanoiOutputDataDTO{lines=[HanoiMoveDTO{diskNumber=1, fromPole=A, toPole=C}, HanoiMoveDTO{diskNumber=2, fromPole=A, toPole=B}, HanoiMoveDTO{diskNumber=1, fromPole=C, toPole=B}, HanoiMoveDTO{diskNumber=3, fromPole=A, toPole=C}, HanoiMoveDTO{diskNumber=1, fromPole=B, toPole=A}, HanoiMoveDTO{diskNumber=2, fromPole=B, toPole=C}, HanoiMoveDTO{diskNumber=1, fromPole=A, toPole=C}], poles={A=[], B=[], C=[3, 2, 1]}}
2017-02-24 12:51:14 TRACE  doWork called with:HanoiInputDataDTO{diskCount=1}
2017-02-24 12:51:14 TRACE  doWork finished with:HanoiOutputDataDTO{lines=[HanoiMoveDTO{diskNumber=1, fromPole=A, toPole=C}], poles={A=[], C=[1]}}
2017-02-24 12:51:14 ERROR  Multiple inputs in a file C:\Projects\marko-edu\multiple.txt
2017-02-24 12:51:14 ERROR  File Input problem
2017-02-24 12:51:14 ERROR  Multiple inputs in a file C:\Projects\marko-edu\multiple.txt
2017-02-24 12:51:14 ERROR  File Input problem
2017-02-27 10:44:04 TRACE  doWork called with:HanoiInputDataDTO{diskCount=2}
2017-02-27 10:44:04 TRACE  doWork finished with:HanoiOutputDataDTO{lines=[HanoiMoveDTO{diskNumber=1, fromPole=A, toPole=B}, HanoiMoveDTO{diskNumber=2, fromPole=A, toPole=C}, HanoiMoveDTO{diskNumber=1, fromPole=B, toPole=C}], poles={A=[], B=[], C=[2, 1]}}
2017-02-27 10:44:04 TRACE  doWork called with:HanoiInputDataDTO{diskCount=2}
2017-02-27 10:44:04 TRACE  doWork finished with:HanoiOutputDataDTO{lines=[HanoiMoveDTO{diskNumber=1, fromPole=A, toPole=B}, HanoiMoveDTO{diskNumber=2, fromPole=A, toPole=C}, HanoiMoveDTO{diskNumber=1, fromPole=B, toPole=C}], poles={A=[], B=[], C=[2, 1]}}
2017-02-27 10:44:04 ERROR  File not found!
2017-02-27 10:44:04 ERROR  File is empty C:\Projects\marko-edu\empty.txt
2017-02-27 10:44:04 ERROR  File problem
HanoiException{error=FILE_IS_EMPTY, msg='File is empty'} com.unycom.markoedu.HanoiException
	at com.unycom.markoedu.FileDataReader.read(FileDataReader.java:38)
	at com.unycom.markoedu.TOHTest.testIfFileIsEmpty(TOHTest.java:187)
	at sun.reflect.NativeMethodAccessorImpl.invoke0(Native Method)
	at sun.reflect.NativeMethodAccessorImpl.invoke(NativeMethodAccessorImpl.java:62)
	at sun.reflect.DelegatingMethodAccessorImpl.invoke(DelegatingMethodAccessorImpl.java:43)
	at java.lang.reflect.Method.invoke(Method.java:498)
	at org.junit.runners.model.FrameworkMethod$1.runReflectiveCall(FrameworkMethod.java:50)
	at org.junit.internal.runners.model.ReflectiveCallable.run(ReflectiveCallable.java:12)
	at org.junit.runners.model.FrameworkMethod.invokeExplosively(FrameworkMethod.java:47)
	at org.junit.internal.runners.statements.InvokeMethod.evaluate(InvokeMethod.java:17)
	at org.junit.runners.ParentRunner.runLeaf(ParentRunner.java:325)
	at org.junit.runners.BlockJUnit4ClassRunner.runChild(BlockJUnit4ClassRunner.java:78)
	at org.junit.runners.BlockJUnit4ClassRunner.runChild(BlockJUnit4ClassRunner.java:57)
	at org.junit.runners.ParentRunner$3.run(ParentRunner.java:290)
	at org.junit.runners.ParentRunner$1.schedule(ParentRunner.java:71)
	at org.junit.runners.ParentRunner.runChildren(ParentRunner.java:288)
	at org.junit.runners.ParentRunner.access$000(ParentRunner.java:58)
	at org.junit.runners.ParentRunner$2.evaluate(ParentRunner.java:268)
	at org.junit.runners.ParentRunner.run(ParentRunner.java:363)
	at org.junit.runner.JUnitCore.run(JUnitCore.java:137)
	at org.junit.runner.JUnitCore.run(JUnitCore.java:115)
	at org.junit.vintage.engine.execution.RunnerExecutor.execute(RunnerExecutor.java:43)
	at java.util.stream.ForEachOps$ForEachOp$OfRef.accept(ForEachOps.java:184)
	at java.util.stream.ReferencePipeline$3$1.accept(ReferencePipeline.java:193)
	at java.util.Iterator.forEachRemaining(Iterator.java:116)
	at java.util.Spliterators$IteratorSpliterator.forEachRemaining(Spliterators.java:1801)
	at java.util.stream.AbstractPipeline.copyInto(AbstractPipeline.java:481)
	at java.util.stream.AbstractPipeline.wrapAndCopyInto(AbstractPipeline.java:471)
	at java.util.stream.ForEachOps$ForEachOp.evaluateSequential(ForEachOps.java:151)
	at java.util.stream.ForEachOps$ForEachOp$OfRef.evaluateSequential(ForEachOps.java:174)
	at java.util.stream.AbstractPipeline.evaluate(AbstractPipeline.java:234)
	at java.util.stream.ReferencePipeline.forEach(ReferencePipeline.java:418)
	at org.junit.vintage.engine.VintageTestEngine.executeAllChildren(VintageTestEngine.java:66)
	at org.junit.vintage.engine.VintageTestEngine.execute(VintageTestEngine.java:57)
	at org.junit.platform.launcher.core.DefaultLauncher.execute(DefaultLauncher.java:129)
	at org.junit.platform.launcher.core.DefaultLauncher.execute(DefaultLauncher.java:85)
	at com.intellij.junit5.JUnit5IdeaTestRunner.startRunnerWithArgs(JUnit5IdeaTestRunner.java:59)
	at com.intellij.rt.execution.junit.IdeaTestRunner$Repeater.startRunnerWithArgs(IdeaTestRunner.java:51)
	at com.intellij.rt.execution.junit.JUnitStarter.prepareStreamsAndStart(JUnitStarter.java:237)
	at com.intellij.rt.execution.junit.JUnitStarter.main(JUnitStarter.java:70)
	at sun.reflect.NativeMethodAccessorImpl.invoke0(Native Method)
	at sun.reflect.NativeMethodAccessorImpl.invoke(NativeMethodAccessorImpl.java:62)
	at sun.reflect.DelegatingMethodAccessorImpl.invoke(DelegatingMethodAccessorImpl.java:43)
	at java.lang.reflect.Method.invoke(Method.java:498)
	at com.intellij.rt.execution.application.AppMain.main(AppMain.java:147)
2017-02-27 10:44:04 ERROR  File not found!
2017-02-27 10:44:04 ERROR  File not found!
2017-02-27 10:44:04 TRACE  doWork called with:HanoiInputDataDTO{diskCount=2}
2017-02-27 10:44:04 TRACE  doWork finished with:HanoiOutputDataDTO{lines=[HanoiMoveDTO{diskNumber=1, fromPole=A, toPole=B}, HanoiMoveDTO{diskNumber=2, fromPole=A, toPole=C}, HanoiMoveDTO{diskNumber=1, fromPole=B, toPole=C}], poles={A=[], B=[], C=[2, 1]}}
2017-02-27 10:44:04 TRACE  doWork called with:HanoiInputDataDTO{diskCount=1}
2017-02-27 10:44:04 TRACE  doWork finished with:HanoiOutputDataDTO{lines=[HanoiMoveDTO{diskNumber=1, fromPole=A, toPole=C}], poles={A=[], C=[1]}}
2017-02-27 10:44:04 TRACE  doWork called with:HanoiInputDataDTO{diskCount=0}
2017-02-27 10:44:04 TRACE  doWork finished with:HanoiOutputDataDTO{lines=[], poles={A=[]}}
2017-02-27 10:44:04 TRACE  doWork called with:HanoiInputDataDTO{diskCount=3}
2017-02-27 10:44:04 TRACE  doWork finished with:HanoiOutputDataDTO{lines=[HanoiMoveDTO{diskNumber=1, fromPole=A, toPole=C}, HanoiMoveDTO{diskNumber=2, fromPole=A, toPole=B}, HanoiMoveDTO{diskNumber=1, fromPole=C, toPole=B}, HanoiMoveDTO{diskNumber=3, fromPole=A, toPole=C}, HanoiMoveDTO{diskNumber=1, fromPole=B, toPole=A}, HanoiMoveDTO{diskNumber=2, fromPole=B, toPole=C}, HanoiMoveDTO{diskNumber=1, fromPole=A, toPole=C}], poles={A=[], B=[], C=[3, 2, 1]}}
2017-02-27 10:44:04 TRACE  doWork called with:HanoiInputDataDTO{diskCount=1}
2017-02-27 10:44:04 TRACE  doWork finished with:HanoiOutputDataDTO{lines=[HanoiMoveDTO{diskNumber=1, fromPole=A, toPole=C}], poles={A=[], C=[1]}}
2017-02-27 10:44:04 ERROR  Multiple inputs in a file C:\Projects\marko-edu\multiple.txt
2017-02-27 10:44:04 ERROR  File Input problem
2017-02-27 10:44:04 ERROR  Multiple inputs in a file C:\Projects\marko-edu\multiple.txt
2017-02-27 10:44:04 ERROR  File Input problem
